
[2025-09-22 14:36:23] DEBUG:
----------------------------------------
{
    "raw_input": "{\"order_id\":\"\",\"channel\":\"offline\",\"reference_number\":\"\",\"order_date\":\"2025-09-22\",\"facility\":\"main_warehouse\",\"seller_details\":\"\",\"customer_details\":\"\",\"package_type\":\"box\",\"weight\":45,\"length\":\"100\",\"width\":\"30\",\"height\":\"10\",\"total_boxes\":1,\"shipping_method\":\"standard\",\"payment_mode\":\"Prepaid\",\"cod_amount\":\"0\",\"total_amount\":\"\",\"special_instructions\":\"\"}"
}
----------------------------------------

[2025-09-22 14:36:23] DEBUG:
----------------------------------------
{
    "decoded_input": {
        "order_id": "",
        "channel": "offline",
        "reference_number": "",
        "order_date": "2025-09-22",
        "facility": "main_warehouse",
        "seller_details": "",
        "customer_details": "",
        "package_type": "box",
        "weight": 45,
        "length": "100",
        "width": "30",
        "height": "10",
        "total_boxes": 1,
        "shipping_method": "standard",
        "payment_mode": "Prepaid",
        "cod_amount": "0",
        "total_amount": "",
        "special_instructions": ""
    }
}
----------------------------------------

[2025-09-22 14:56:54] DEBUG:
----------------------------------------
{
    "raw_input": "{\"channel\":\"offline\",\"order_id\":16,\"reference_number\":\"16\",\"order_date\":\"2025-09-22\",\"facility\":\"main_warehouse\",\"seller_details\":\"\",\"customer_details\":\"\",\"package_type\":\"box\",\"weight\":45,\"length\":\"20\",\"width\":\"20\",\"height\":\"5\",\"total_boxes\":1,\"shipping_method\":\"standard\",\"payment_mode\":\"Prepaid\",\"cod_amount\":\"0\",\"total_amount\":\"\",\"special_instructions\":\"\"}"
}
----------------------------------------

[2025-09-22 14:56:57] DEBUG:
----------------------------------------
{
    "decoded_input": {
        "channel": "offline",
        "order_id": 16,
        "reference_number": "16",
        "order_date": "2025-09-22",
        "facility": "main_warehouse",
        "seller_details": "",
        "customer_details": "",
        "package_type": "box",
        "weight": 45,
        "length": "20",
        "width": "20",
        "height": "5",
        "total_boxes": 1,
        "shipping_method": "standard",
        "payment_mode": "Prepaid",
        "cod_amount": "0",
        "total_amount": "",
        "special_instructions": ""
    }
}
----------------------------------------

[2025-09-22 14:56:57] DEBUG:
----------------------------------------
{
    "full_input": {
        "channel": "offline",
        "order_id": 16,
        "reference_number": "16",
        "order_date": "2025-09-22",
        "facility": "main_warehouse",
        "seller_details": "",
        "customer_details": "",
        "package_type": "box",
        "weight": 45,
        "length": "20",
        "width": "20",
        "height": "5",
        "total_boxes": 1,
        "shipping_method": "standard",
        "payment_mode": "Prepaid",
        "cod_amount": "0",
        "total_amount": "",
        "special_instructions": ""
    },
    "input_type": "array",
    "raw_order_id": 16
}
----------------------------------------

[2025-09-22 14:56:57] DEBUG:
----------------------------------------
{
    "raw_order_id": 16,
    "parsed_order_id": 16,
    "validation_passed": true
}
----------------------------------------

[2025-09-22 14:58:51] DEBUG:
----------------------------------------
{
    "raw_input": "{\"channel\":\"offline\",\"order_id\":16,\"reference_number\":\"16\",\"order_date\":\"2025-09-22\",\"facility\":\"main_warehouse\",\"seller_details\":\"\",\"customer_details\":\"\",\"package_type\":\"box\",\"weight\":45,\"length\":\"20\",\"width\":\"20\",\"height\":\"5\",\"total_boxes\":1,\"shipping_method\":\"standard\",\"payment_mode\":\"Prepaid\",\"cod_amount\":\"0\",\"total_amount\":\"\",\"special_instructions\":\"\"}"
}
----------------------------------------

[2025-09-22 14:58:51] DEBUG:
----------------------------------------
{
    "decoded_input": {
        "channel": "offline",
        "order_id": 16,
        "reference_number": "16",
        "order_date": "2025-09-22",
        "facility": "main_warehouse",
        "seller_details": "",
        "customer_details": "",
        "package_type": "box",
        "weight": 45,
        "length": "20",
        "width": "20",
        "height": "5",
        "total_boxes": 1,
        "shipping_method": "standard",
        "payment_mode": "Prepaid",
        "cod_amount": "0",
        "total_amount": "",
        "special_instructions": ""
    }
}
----------------------------------------

[2025-09-22 14:58:51] DEBUG:
----------------------------------------
{
    "full_input": {
        "channel": "offline",
        "order_id": 16,
        "reference_number": "16",
        "order_date": "2025-09-22",
        "facility": "main_warehouse",
        "seller_details": "",
        "customer_details": "",
        "package_type": "box",
        "weight": 45,
        "length": "20",
        "width": "20",
        "height": "5",
        "total_boxes": 1,
        "shipping_method": "standard",
        "payment_mode": "Prepaid",
        "cod_amount": "0",
        "total_amount": "",
        "special_instructions": ""
    },
    "input_type": "array",
    "raw_order_id": 16
}
----------------------------------------

[2025-09-22 14:58:51] DEBUG:
----------------------------------------
{
    "raw_order_id": 16,
    "parsed_order_id": 16,
    "validation_passed": true
}
----------------------------------------

[2025-09-22 15:06:52] DEBUG:
----------------------------------------
{
    "raw_input": "{\"channel\":\"offline\",\"order_id\":16,\"reference_number\":\"16\",\"order_date\":\"2025-09-22\",\"facility\":\"main_warehouse\",\"seller_details\":\"\",\"customer_details\":\"\",\"package_type\":\"box\",\"weight\":45,\"length\":\"20\",\"width\":\"20\",\"height\":\"5\",\"total_boxes\":1,\"shipping_method\":\"standard\",\"payment_mode\":\"Prepaid\",\"cod_amount\":\"0\",\"total_amount\":\"\",\"special_instructions\":\"\"}"
}
----------------------------------------

[2025-09-22 15:06:52] DEBUG:
----------------------------------------
{
    "decoded_input": {
        "channel": "offline",
        "order_id": 16,
        "reference_number": "16",
        "order_date": "2025-09-22",
        "facility": "main_warehouse",
        "seller_details": "",
        "customer_details": "",
        "package_type": "box",
        "weight": 45,
        "length": "20",
        "width": "20",
        "height": "5",
        "total_boxes": 1,
        "shipping_method": "standard",
        "payment_mode": "Prepaid",
        "cod_amount": "0",
        "total_amount": "",
        "special_instructions": ""
    }
}
----------------------------------------

[2025-09-22 15:06:52] DEBUG:
----------------------------------------
{
    "full_input": {
        "channel": "offline",
        "order_id": 16,
        "reference_number": "16",
        "order_date": "2025-09-22",
        "facility": "main_warehouse",
        "seller_details": "",
        "customer_details": "",
        "package_type": "box",
        "weight": 45,
        "length": "20",
        "width": "20",
        "height": "5",
        "total_boxes": 1,
        "shipping_method": "standard",
        "payment_mode": "Prepaid",
        "cod_amount": "0",
        "total_amount": "",
        "special_instructions": ""
    },
    "input_type": "array",
    "raw_order_id": 16
}
----------------------------------------

[2025-09-22 15:06:52] DEBUG:
----------------------------------------
{
    "raw_order_id": 16,
    "parsed_order_id": 16,
    "validation_passed": true
}
----------------------------------------

[2025-09-22 15:06:52] DEBUG:
----------------------------------------
{
    "table_structures": {
        "addresses": [
            "id",
            "UserID",
            "country",
            "name",
            "phone_no",
            "pin",
            "address1",
            "address2",
            "landmark",
            "city",
            "state",
            "default_address",
            "state_code"
        ],
        "orders": [
            "order_id",
            "product_id",
            "store_id",
            "user_id",
            "quantity",
            "total_price",
            "shipping_id",
            "shipping_method",
            "package_type",
            "shipping_address1",
            "shipping_address2",
            "order_date",
            "order_status",
            "InvoiceNo",
            "invoicedate",
            "billingad_id",
            "shippingad_id",
            "pin_code",
            "payment_method",
            "signature",
            "payment_status",
            "status_id",
            "accyear",
            "updated_at",
            "total_weight",
            "shipping_weight",
            "cod_amount"
        ],
        "store": [
            "ID",
            "VendorID",
            "Store_Name",
            "email",
            "saddress",
            "phoneno",
            "pin_code",
            "store_manager",
            "GSTNO",
            "logo"
        ]
    }
}
----------------------------------------

[2025-09-22 15:08:36] DEBUG:
----------------------------------------
{
    "raw_input": "{\"channel\":\"offline\",\"order_id\":16,\"reference_number\":\"16\",\"order_date\":\"2025-09-22\",\"facility\":\"main_warehouse\",\"seller_details\":\"\",\"customer_details\":\"\",\"package_type\":\"box\",\"weight\":45,\"length\":\"20\",\"width\":\"20\",\"height\":\"5\",\"total_boxes\":1,\"shipping_method\":\"standard\",\"payment_mode\":\"Prepaid\",\"cod_amount\":\"0\",\"total_amount\":\"\",\"special_instructions\":\"\"}"
}
----------------------------------------

[2025-09-22 15:08:36] DEBUG:
----------------------------------------
{
    "decoded_input": {
        "channel": "offline",
        "order_id": 16,
        "reference_number": "16",
        "order_date": "2025-09-22",
        "facility": "main_warehouse",
        "seller_details": "",
        "customer_details": "",
        "package_type": "box",
        "weight": 45,
        "length": "20",
        "width": "20",
        "height": "5",
        "total_boxes": 1,
        "shipping_method": "standard",
        "payment_mode": "Prepaid",
        "cod_amount": "0",
        "total_amount": "",
        "special_instructions": ""
    }
}
----------------------------------------

[2025-09-22 15:08:36] DEBUG:
----------------------------------------
{
    "full_input": {
        "channel": "offline",
        "order_id": 16,
        "reference_number": "16",
        "order_date": "2025-09-22",
        "facility": "main_warehouse",
        "seller_details": "",
        "customer_details": "",
        "package_type": "box",
        "weight": 45,
        "length": "20",
        "width": "20",
        "height": "5",
        "total_boxes": 1,
        "shipping_method": "standard",
        "payment_mode": "Prepaid",
        "cod_amount": "0",
        "total_amount": "",
        "special_instructions": ""
    },
    "input_type": "array",
    "raw_order_id": 16
}
----------------------------------------

[2025-09-22 15:08:36] DEBUG:
----------------------------------------
{
    "raw_order_id": 16,
    "parsed_order_id": 16,
    "validation_passed": true
}
----------------------------------------

[2025-09-22 15:08:36] DEBUG:
----------------------------------------
{
    "table_structures": {
        "addresses": [
            "id",
            "UserID",
            "country",
            "name",
            "phone_no",
            "pin",
            "address1",
            "address2",
            "landmark",
            "city",
            "state",
            "default_address",
            "state_code"
        ],
        "orders": [
            "order_id",
            "product_id",
            "store_id",
            "user_id",
            "quantity",
            "total_price",
            "shipping_id",
            "shipping_method",
            "package_type",
            "shipping_address1",
            "shipping_address2",
            "order_date",
            "order_status",
            "InvoiceNo",
            "invoicedate",
            "billingad_id",
            "shippingad_id",
            "pin_code",
            "payment_method",
            "signature",
            "payment_status",
            "status_id",
            "accyear",
            "updated_at",
            "total_weight",
            "shipping_weight",
            "cod_amount"
        ],
        "store": [
            "ID",
            "VendorID",
            "Store_Name",
            "email",
            "saddress",
            "phoneno",
            "pin_code",
            "store_manager",
            "GSTNO",
            "logo"
        ]
    }
}
----------------------------------------

[2025-09-22 15:08:36] REQUEST:
----------------------------------------
{
    "url": "https:\/\/staging-express.delhivery.com\/api\/cmu\/create.json",
    "data": {
        "format": "json",
        "data": {
            "shipments": [
                {
                    "name": "alex dark",
                    "add": "mahavir apartment 6E\/link road\/cuttack mahavir apartment 6E\/link road\/cuttack",
                    "pin": 753012,
                    "city": "cuttack",
                    "state": "Maharashtra",
                    "country": "India",
                    "phone": 2147483647,
                    "order": 16,
                    "payment_mode": "Prepaid",
                    "cod_amount": "0",
                    "products_desc": "sadf x 1",
                    "hsn_code": "1431234",
                    "order_date": "2025-09-22",
                    "total_amount": "23.00",
                    "seller_add": "Plot No : C\/50 , Sector - 10 , CDA ,  Pin - 753014",
                    "seller_name": "CTKart",
                    "seller_inv": 16,
                    "quantity": 1,
                    "shipment_width": 20,
                    "shipment_height": 5,
                    "shipment_length": 20,
                    "weight": 45,
                    "shipping_mode": "Surface",
                    "package_type": "box",
                    "address_type": "home"
                }
            ],
            "pickup_location": {
                "name": "CTKart",
                "add": "Plot No : C\/50 , Sector - 10 , CDA ,  Pin - 753014",
                "pin": 753014,
                "city": "",
                "state": "",
                "country": "India",
                "phone": "7008505300"
            }
        }
    }
}
----------------------------------------

[2025-09-22 15:08:38] RESPONSE:
----------------------------------------
{
    "httpCode": 200,
    "response": {
        "cash_pickups_count": 0,
        "package_count": 0,
        "upload_wbn": null,
        "replacement_count": 0,
        "rmk": "format key missing in POST",
        "pickups_count": 0,
        "packages": [],
        "cash_pickups": 0,
        "cod_count": 0,
        "success": false,
        "prepaid_count": 0,
        "error": true,
        "cod_amount": 0
    }
}
----------------------------------------

[2025-09-22 15:18:18] DEBUG:
----------------------------------------
{
    "raw_input": "{\"channel\":\"online\",\"order_id\":16,\"reference_number\":\"16\",\"order_date\":\"2025-09-22\",\"facility\":\"main_warehouse\",\"seller_details\":\"\",\"customer_details\":\"\",\"package_type\":\"box\",\"weight\":\"42\",\"length\":\"20\",\"width\":\"20\",\"height\":\"5\",\"total_boxes\":1,\"shipping_method\":\"standard\",\"payment_mode\":\"Prepaid\",\"cod_amount\":\"0\",\"total_amount\":\"\",\"special_instructions\":\"\"}"
}
----------------------------------------

[2025-09-22 15:18:18] DEBUG:
----------------------------------------
{
    "decoded_input": {
        "channel": "online",
        "order_id": 16,
        "reference_number": "16",
        "order_date": "2025-09-22",
        "facility": "main_warehouse",
        "seller_details": "",
        "customer_details": "",
        "package_type": "box",
        "weight": "42",
        "length": "20",
        "width": "20",
        "height": "5",
        "total_boxes": 1,
        "shipping_method": "standard",
        "payment_mode": "Prepaid",
        "cod_amount": "0",
        "total_amount": "",
        "special_instructions": ""
    }
}
----------------------------------------

[2025-09-22 15:18:18] DEBUG:
----------------------------------------
{
    "full_input": {
        "channel": "online",
        "order_id": 16,
        "reference_number": "16",
        "order_date": "2025-09-22",
        "facility": "main_warehouse",
        "seller_details": "",
        "customer_details": "",
        "package_type": "box",
        "weight": "42",
        "length": "20",
        "width": "20",
        "height": "5",
        "total_boxes": 1,
        "shipping_method": "standard",
        "payment_mode": "Prepaid",
        "cod_amount": "0",
        "total_amount": "",
        "special_instructions": ""
    },
    "input_type": "array",
    "raw_order_id": 16
}
----------------------------------------

[2025-09-22 15:18:18] DEBUG:
----------------------------------------
{
    "raw_order_id": 16,
    "parsed_order_id": 16,
    "validation_passed": true
}
----------------------------------------

[2025-09-22 15:18:18] DEBUG:
----------------------------------------
{
    "table_structures": {
        "addresses": [
            "id",
            "UserID",
            "country",
            "name",
            "phone_no",
            "pin",
            "address1",
            "address2",
            "landmark",
            "city",
            "state",
            "default_address",
            "state_code"
        ],
        "orders": [
            "order_id",
            "product_id",
            "store_id",
            "user_id",
            "quantity",
            "total_price",
            "shipping_id",
            "shipping_method",
            "package_type",
            "shipping_address1",
            "shipping_address2",
            "order_date",
            "order_status",
            "InvoiceNo",
            "invoicedate",
            "billingad_id",
            "shippingad_id",
            "pin_code",
            "payment_method",
            "signature",
            "payment_status",
            "status_id",
            "accyear",
            "updated_at",
            "total_weight",
            "shipping_weight",
            "cod_amount"
        ],
        "store": [
            "ID",
            "VendorID",
            "Store_Name",
            "email",
            "saddress",
            "phoneno",
            "pin_code",
            "store_manager",
            "GSTNO",
            "logo"
        ]
    }
}
----------------------------------------

[2025-09-22 15:18:18] REQUEST:
----------------------------------------
{
    "url": "https:\/\/staging-express.delhivery.com\/api\/cmu\/create.json",
    "data": {
        "format": "json",
        "data": {
            "shipments": [
                {
                    "client": "Allishan",
                    "name": "alex dark",
                    "order": "16",
                    "products_desc": "sadf x 1",
                    "order_date": "2025-06-14",
                    "payment_mode": "Prepaid",
                    "total_amount": "23.00",
                    "add": "mahavir apartment 6E\/link road\/cuttack mahavir apartment 6E\/link road\/cuttack",
                    "address_type": "home",
                    "city": "cuttack",
                    "state": "Maharashtra",
                    "country": "India",
                    "phone": "2147483647",
                    "pin": 753012,
                    "weight": "42.000",
                    "shipment_length": "20.00",
                    "shipment_width": "20.00",
                    "shipment_height": "5.00",
                    "quantity": 1,
                    "cod_amount": "0.00",
                    "return_pin": 753014,
                    "return_city": "",
                    "return_phone": "7008505300",
                    "return_add": "Plot No : C\/50 , Sector - 10 , CDA ,  Pin - 753014",
                    "return_state": "",
                    "return_country": "India"
                }
            ],
            "pickup_location": {
                "name": "CTKart",
                "add": "Plot No : C\/50 , Sector - 10 , CDA ,  Pin - 753014",
                "city": "",
                "pin": 753014,
                "state": "",
                "country": "India",
                "phone": "7008505300"
            }
        }
    }
}
----------------------------------------

[2025-09-22 15:18:19] DEBUG:
----------------------------------------
{
    "delhivery_request_data": {
        "format": "json",
        "data": "{\"shipments\":[{\"client\":\"Allishan\",\"name\":\"alex dark\",\"order\":\"16\",\"products_desc\":\"sadf x 1\",\"order_date\":\"2025-06-14\",\"payment_mode\":\"Prepaid\",\"total_amount\":\"23.00\",\"add\":\"mahavir apartment 6E\\\/link road\\\/cuttack mahavir apartment 6E\\\/link road\\\/cuttack\",\"address_type\":\"home\",\"city\":\"cuttack\",\"state\":\"Maharashtra\",\"country\":\"India\",\"phone\":\"2147483647\",\"pin\":753012,\"weight\":\"42.000\",\"shipment_length\":\"20.00\",\"shipment_width\":\"20.00\",\"shipment_height\":\"5.00\",\"quantity\":1,\"cod_amount\":\"0.00\",\"return_pin\":753014,\"return_city\":\"\",\"return_phone\":\"7008505300\",\"return_add\":\"Plot No : C\\\/50 , Sector - 10 , CDA ,  Pin - 753014\",\"return_state\":\"\",\"return_country\":\"India\"}],\"pickup_location\":{\"name\":\"CTKart\",\"add\":\"Plot No : C\\\/50 , Sector - 10 , CDA ,  Pin - 753014\",\"city\":\"\",\"pin\":753014,\"state\":\"\",\"country\":\"India\",\"phone\":\"7008505300\"}}"
    }
}
----------------------------------------

[2025-09-22 15:18:19] DEBUG:
----------------------------------------
{
    "formatted_request": {
        "shipments": [
            {
                "client": "Allishan",
                "name": "alex dark",
                "order": "16",
                "products_desc": "sadf x 1",
                "order_date": "2025-06-14",
                "payment_mode": "Prepaid",
                "total_amount": "23.00",
                "add": "mahavir apartment 6E\/link road\/cuttack mahavir apartment 6E\/link road\/cuttack",
                "address_type": "home",
                "city": "cuttack",
                "state": "Maharashtra",
                "country": "India",
                "phone": "2147483647",
                "pin": 753012,
                "weight": "42.000",
                "shipment_length": "20.00",
                "shipment_width": "20.00",
                "shipment_height": "5.00",
                "quantity": 1,
                "cod_amount": "0.00",
                "return_pin": 753014,
                "return_city": "",
                "return_phone": "7008505300",
                "return_add": "Plot No : C\/50 , Sector - 10 , CDA ,  Pin - 753014",
                "return_state": "",
                "return_country": "India"
            }
        ],
        "pickup_location": {
            "name": "CTKart",
            "add": "Plot No : C\/50 , Sector - 10 , CDA ,  Pin - 753014",
            "city": "",
            "pin": 753014,
            "state": "",
            "country": "India",
            "phone": "7008505300"
        }
    }
}
----------------------------------------

[2025-09-22 15:18:19] RESPONSE:
----------------------------------------
{
    "httpCode": 200,
    "response": {
        "cash_pickups_count": 0,
        "package_count": 0,
        "upload_wbn": null,
        "replacement_count": 0,
        "rmk": "shipment list contains no data.",
        "pickups_count": 0,
        "packages": [],
        "cash_pickups": 0,
        "cod_count": 0,
        "success": false,
        "prepaid_count": 0,
        "error": true,
        "cod_amount": 0
    }
}
----------------------------------------
